2025-06-21 14:49:47.009 [JavaFX Application Thread] ERROR c.e.t.config.DatabaseConfig - Failed to connect to database
com.microsoft.sqlserver.jdbc.SQLServerException: Login failed for user 'sa'. ClientConnectionId:c25b69ab-1c06-43d4-a6f5-a57c502988e6
	at com.microsoft.sqlserver.jdbc@12.4.2.jre11/com.microsoft.sqlserver.jdbc.SQLServerException.makeFromDatabaseError(SQLServerException.java:259)
	at com.microsoft.sqlserver.jdbc@12.4.2.jre11/com.microsoft.sqlserver.jdbc.TDSTokenHandler.onEOF(tdsparser.java:304)
	at com.microsoft.sqlserver.jdbc@12.4.2.jre11/com.microsoft.sqlserver.jdbc.TDSParser.parse(tdsparser.java:137)
	at com.microsoft.sqlserver.jdbc@12.4.2.jre11/com.microsoft.sqlserver.jdbc.TDSParser.parse(tdsparser.java:42)
	at com.microsoft.sqlserver.jdbc@12.4.2.jre11/com.microsoft.sqlserver.jdbc.SQLServerConnection.sendLogon(SQLServerConnection.java:6612)
	at com.microsoft.sqlserver.jdbc@12.4.2.jre11/com.microsoft.sqlserver.jdbc.SQLServerConnection.logon(SQLServerConnection.java:5154)
	at com.microsoft.sqlserver.jdbc@12.4.2.jre11/com.microsoft.sqlserver.jdbc.SQLServerConnection$LogonCommand.doExecute(SQLServerConnection.java:5087)
	at com.microsoft.sqlserver.jdbc@12.4.2.jre11/com.microsoft.sqlserver.jdbc.TDSCommand.execute(IOBuffer.java:7675)
	at com.microsoft.sqlserver.jdbc@12.4.2.jre11/com.microsoft.sqlserver.jdbc.SQLServerConnection.executeCommand(SQLServerConnection.java:4137)
	at com.microsoft.sqlserver.jdbc@12.4.2.jre11/com.microsoft.sqlserver.jdbc.SQLServerConnection.connectHelper(SQLServerConnection.java:3583)
	at com.microsoft.sqlserver.jdbc@12.4.2.jre11/com.microsoft.sqlserver.jdbc.SQLServerConnection.login(SQLServerConnection.java:3172)
	at com.microsoft.sqlserver.jdbc@12.4.2.jre11/com.microsoft.sqlserver.jdbc.SQLServerConnection.connectInternal(SQLServerConnection.java:3014)
	at com.microsoft.sqlserver.jdbc@12.4.2.jre11/com.microsoft.sqlserver.jdbc.SQLServerConnection.connect(SQLServerConnection.java:1836)
	at com.microsoft.sqlserver.jdbc@12.4.2.jre11/com.microsoft.sqlserver.jdbc.SQLServerDriver.connect(SQLServerDriver.java:1246)
	at java.sql/java.sql.DriverManager.getConnection(DriverManager.java:683)
	at java.sql/java.sql.DriverManager.getConnection(DriverManager.java:230)
	at com.example.taskmanagerv3/com.example.taskmanagerv3.config.DatabaseConfig.getConnection(DatabaseConfig.java:38)
	at com.example.taskmanagerv3/com.example.taskmanagerv3.config.DatabaseConfig.testConnection(DatabaseConfig.java:69)
	at com.example.taskmanagerv3/com.example.taskmanagerv3.WorkFlowManagerApplication.initializeDatabase(WorkFlowManagerApplication.java:56)
	at com.example.taskmanagerv3/com.example.taskmanagerv3.WorkFlowManagerApplication.start(WorkFlowManagerApplication.java:22)
	at javafx.graphics/com.sun.javafx.application.LauncherImpl.lambda$launchApplication1$9(LauncherImpl.java:847)
	at javafx.graphics/com.sun.javafx.application.PlatformImpl.lambda$runAndWait$12(PlatformImpl.java:484)
	at javafx.graphics/com.sun.javafx.application.PlatformImpl.lambda$runLater$10(PlatformImpl.java:457)
	at java.base/java.security.AccessController.doPrivileged(AccessController.java:400)
	at javafx.graphics/com.sun.javafx.application.PlatformImpl.lambda$runLater$11(PlatformImpl.java:456)
	at javafx.graphics/com.sun.glass.ui.InvokeLaterDispatcher$Future.run(InvokeLaterDispatcher.java:96)
	at javafx.graphics/com.sun.glass.ui.win.WinApplication._runLoop(Native Method)
	at javafx.graphics/com.sun.glass.ui.win.WinApplication.lambda$runLoop$3(WinApplication.java:184)
	at java.base/java.lang.Thread.run(Thread.java:1583)
2025-06-21 14:49:47.013 [JavaFX Application Thread] ERROR c.e.t.config.DatabaseConfig - Database connection test failed
com.microsoft.sqlserver.jdbc.SQLServerException: Login failed for user 'sa'. ClientConnectionId:c25b69ab-1c06-43d4-a6f5-a57c502988e6
	at com.microsoft.sqlserver.jdbc@12.4.2.jre11/com.microsoft.sqlserver.jdbc.SQLServerException.makeFromDatabaseError(SQLServerException.java:259)
	at com.microsoft.sqlserver.jdbc@12.4.2.jre11/com.microsoft.sqlserver.jdbc.TDSTokenHandler.onEOF(tdsparser.java:304)
	at com.microsoft.sqlserver.jdbc@12.4.2.jre11/com.microsoft.sqlserver.jdbc.TDSParser.parse(tdsparser.java:137)
	at com.microsoft.sqlserver.jdbc@12.4.2.jre11/com.microsoft.sqlserver.jdbc.TDSParser.parse(tdsparser.java:42)
	at com.microsoft.sqlserver.jdbc@12.4.2.jre11/com.microsoft.sqlserver.jdbc.SQLServerConnection.sendLogon(SQLServerConnection.java:6612)
	at com.microsoft.sqlserver.jdbc@12.4.2.jre11/com.microsoft.sqlserver.jdbc.SQLServerConnection.logon(SQLServerConnection.java:5154)
	at com.microsoft.sqlserver.jdbc@12.4.2.jre11/com.microsoft.sqlserver.jdbc.SQLServerConnection$LogonCommand.doExecute(SQLServerConnection.java:5087)
	at com.microsoft.sqlserver.jdbc@12.4.2.jre11/com.microsoft.sqlserver.jdbc.TDSCommand.execute(IOBuffer.java:7675)
	at com.microsoft.sqlserver.jdbc@12.4.2.jre11/com.microsoft.sqlserver.jdbc.SQLServerConnection.executeCommand(SQLServerConnection.java:4137)
	at com.microsoft.sqlserver.jdbc@12.4.2.jre11/com.microsoft.sqlserver.jdbc.SQLServerConnection.connectHelper(SQLServerConnection.java:3583)
	at com.microsoft.sqlserver.jdbc@12.4.2.jre11/com.microsoft.sqlserver.jdbc.SQLServerConnection.login(SQLServerConnection.java:3172)
	at com.microsoft.sqlserver.jdbc@12.4.2.jre11/com.microsoft.sqlserver.jdbc.SQLServerConnection.connectInternal(SQLServerConnection.java:3014)
	at com.microsoft.sqlserver.jdbc@12.4.2.jre11/com.microsoft.sqlserver.jdbc.SQLServerConnection.connect(SQLServerConnection.java:1836)
	at com.microsoft.sqlserver.jdbc@12.4.2.jre11/com.microsoft.sqlserver.jdbc.SQLServerDriver.connect(SQLServerDriver.java:1246)
	at java.sql/java.sql.DriverManager.getConnection(DriverManager.java:683)
	at java.sql/java.sql.DriverManager.getConnection(DriverManager.java:230)
	at com.example.taskmanagerv3/com.example.taskmanagerv3.config.DatabaseConfig.getConnection(DatabaseConfig.java:38)
	at com.example.taskmanagerv3/com.example.taskmanagerv3.config.DatabaseConfig.testConnection(DatabaseConfig.java:69)
	at com.example.taskmanagerv3/com.example.taskmanagerv3.WorkFlowManagerApplication.initializeDatabase(WorkFlowManagerApplication.java:56)
	at com.example.taskmanagerv3/com.example.taskmanagerv3.WorkFlowManagerApplication.start(WorkFlowManagerApplication.java:22)
	at javafx.graphics/com.sun.javafx.application.LauncherImpl.lambda$launchApplication1$9(LauncherImpl.java:847)
	at javafx.graphics/com.sun.javafx.application.PlatformImpl.lambda$runAndWait$12(PlatformImpl.java:484)
	at javafx.graphics/com.sun.javafx.application.PlatformImpl.lambda$runLater$10(PlatformImpl.java:457)
	at java.base/java.security.AccessController.doPrivileged(AccessController.java:400)
	at javafx.graphics/com.sun.javafx.application.PlatformImpl.lambda$runLater$11(PlatformImpl.java:456)
	at javafx.graphics/com.sun.glass.ui.InvokeLaterDispatcher$Future.run(InvokeLaterDispatcher.java:96)
	at javafx.graphics/com.sun.glass.ui.win.WinApplication._runLoop(Native Method)
	at javafx.graphics/com.sun.glass.ui.win.WinApplication.lambda$runLoop$3(WinApplication.java:184)
	at java.base/java.lang.Thread.run(Thread.java:1583)
2025-06-21 14:49:47.013 [JavaFX Application Thread] ERROR c.e.t.WorkFlowManagerApplication - Database initialization failed
java.lang.RuntimeException: Cannot connect to database
	at com.example.taskmanagerv3/com.example.taskmanagerv3.WorkFlowManagerApplication.initializeDatabase(WorkFlowManagerApplication.java:57)
	at com.example.taskmanagerv3/com.example.taskmanagerv3.WorkFlowManagerApplication.start(WorkFlowManagerApplication.java:22)
	at javafx.graphics/com.sun.javafx.application.LauncherImpl.lambda$launchApplication1$9(LauncherImpl.java:847)
	at javafx.graphics/com.sun.javafx.application.PlatformImpl.lambda$runAndWait$12(PlatformImpl.java:484)
	at javafx.graphics/com.sun.javafx.application.PlatformImpl.lambda$runLater$10(PlatformImpl.java:457)
	at java.base/java.security.AccessController.doPrivileged(AccessController.java:400)
	at javafx.graphics/com.sun.javafx.application.PlatformImpl.lambda$runLater$11(PlatformImpl.java:456)
	at javafx.graphics/com.sun.glass.ui.InvokeLaterDispatcher$Future.run(InvokeLaterDispatcher.java:96)
	at javafx.graphics/com.sun.glass.ui.win.WinApplication._runLoop(Native Method)
	at javafx.graphics/com.sun.glass.ui.win.WinApplication.lambda$runLoop$3(WinApplication.java:184)
	at java.base/java.lang.Thread.run(Thread.java:1583)
2025-06-21 14:49:47.015 [JavaFX Application Thread] ERROR c.e.t.WorkFlowManagerApplication - Failed to start application
java.lang.RuntimeException: Database initialization failed
	at com.example.taskmanagerv3/com.example.taskmanagerv3.WorkFlowManagerApplication.initializeDatabase(WorkFlowManagerApplication.java:73)
	at com.example.taskmanagerv3/com.example.taskmanagerv3.WorkFlowManagerApplication.start(WorkFlowManagerApplication.java:22)
	at javafx.graphics/com.sun.javafx.application.LauncherImpl.lambda$launchApplication1$9(LauncherImpl.java:847)
	at javafx.graphics/com.sun.javafx.application.PlatformImpl.lambda$runAndWait$12(PlatformImpl.java:484)
	at javafx.graphics/com.sun.javafx.application.PlatformImpl.lambda$runLater$10(PlatformImpl.java:457)
	at java.base/java.security.AccessController.doPrivileged(AccessController.java:400)
	at javafx.graphics/com.sun.javafx.application.PlatformImpl.lambda$runLater$11(PlatformImpl.java:456)
	at javafx.graphics/com.sun.glass.ui.InvokeLaterDispatcher$Future.run(InvokeLaterDispatcher.java:96)
	at javafx.graphics/com.sun.glass.ui.win.WinApplication._runLoop(Native Method)
	at javafx.graphics/com.sun.glass.ui.win.WinApplication.lambda$runLoop$3(WinApplication.java:184)
	at java.base/java.lang.Thread.run(Thread.java:1583)
Caused by: java.lang.RuntimeException: Cannot connect to database
	at com.example.taskmanagerv3/com.example.taskmanagerv3.WorkFlowManagerApplication.initializeDatabase(WorkFlowManagerApplication.java:57)
	... 10 common frames omitted
2025-06-21 14:51:21.755 [JavaFX Application Thread] ERROR c.e.t.config.DatabaseConfig - Failed to connect to database
com.microsoft.sqlserver.jdbc.SQLServerException: Login failed for user 'sa'. ClientConnectionId:bb90b370-950d-4ca6-a541-8ff41b8f7fc1
	at com.microsoft.sqlserver.jdbc@12.4.2.jre11/com.microsoft.sqlserver.jdbc.SQLServerException.makeFromDatabaseError(SQLServerException.java:259)
	at com.microsoft.sqlserver.jdbc@12.4.2.jre11/com.microsoft.sqlserver.jdbc.TDSTokenHandler.onEOF(tdsparser.java:304)
	at com.microsoft.sqlserver.jdbc@12.4.2.jre11/com.microsoft.sqlserver.jdbc.TDSParser.parse(tdsparser.java:137)
	at com.microsoft.sqlserver.jdbc@12.4.2.jre11/com.microsoft.sqlserver.jdbc.TDSParser.parse(tdsparser.java:42)
	at com.microsoft.sqlserver.jdbc@12.4.2.jre11/com.microsoft.sqlserver.jdbc.SQLServerConnection.sendLogon(SQLServerConnection.java:6612)
	at com.microsoft.sqlserver.jdbc@12.4.2.jre11/com.microsoft.sqlserver.jdbc.SQLServerConnection.logon(SQLServerConnection.java:5154)
	at com.microsoft.sqlserver.jdbc@12.4.2.jre11/com.microsoft.sqlserver.jdbc.SQLServerConnection$LogonCommand.doExecute(SQLServerConnection.java:5087)
	at com.microsoft.sqlserver.jdbc@12.4.2.jre11/com.microsoft.sqlserver.jdbc.TDSCommand.execute(IOBuffer.java:7675)
	at com.microsoft.sqlserver.jdbc@12.4.2.jre11/com.microsoft.sqlserver.jdbc.SQLServerConnection.executeCommand(SQLServerConnection.java:4137)
	at com.microsoft.sqlserver.jdbc@12.4.2.jre11/com.microsoft.sqlserver.jdbc.SQLServerConnection.connectHelper(SQLServerConnection.java:3583)
	at com.microsoft.sqlserver.jdbc@12.4.2.jre11/com.microsoft.sqlserver.jdbc.SQLServerConnection.login(SQLServerConnection.java:3172)
	at com.microsoft.sqlserver.jdbc@12.4.2.jre11/com.microsoft.sqlserver.jdbc.SQLServerConnection.connectInternal(SQLServerConnection.java:3014)
	at com.microsoft.sqlserver.jdbc@12.4.2.jre11/com.microsoft.sqlserver.jdbc.SQLServerConnection.connect(SQLServerConnection.java:1836)
	at com.microsoft.sqlserver.jdbc@12.4.2.jre11/com.microsoft.sqlserver.jdbc.SQLServerDriver.connect(SQLServerDriver.java:1246)
	at java.sql/java.sql.DriverManager.getConnection(DriverManager.java:683)
	at java.sql/java.sql.DriverManager.getConnection(DriverManager.java:230)
	at com.example.taskmanagerv3/com.example.taskmanagerv3.config.DatabaseConfig.getConnection(DatabaseConfig.java:38)
	at com.example.taskmanagerv3/com.example.taskmanagerv3.config.DatabaseConfig.testConnection(DatabaseConfig.java:69)
	at com.example.taskmanagerv3/com.example.taskmanagerv3.WorkFlowManagerApplication.initializeDatabase(WorkFlowManagerApplication.java:56)
	at com.example.taskmanagerv3/com.example.taskmanagerv3.WorkFlowManagerApplication.start(WorkFlowManagerApplication.java:22)
	at javafx.graphics/com.sun.javafx.application.LauncherImpl.lambda$launchApplication1$9(LauncherImpl.java:847)
	at javafx.graphics/com.sun.javafx.application.PlatformImpl.lambda$runAndWait$12(PlatformImpl.java:484)
	at javafx.graphics/com.sun.javafx.application.PlatformImpl.lambda$runLater$10(PlatformImpl.java:457)
	at java.base/java.security.AccessController.doPrivileged(AccessController.java:400)
	at javafx.graphics/com.sun.javafx.application.PlatformImpl.lambda$runLater$11(PlatformImpl.java:456)
	at javafx.graphics/com.sun.glass.ui.InvokeLaterDispatcher$Future.run(InvokeLaterDispatcher.java:96)
	at javafx.graphics/com.sun.glass.ui.win.WinApplication._runLoop(Native Method)
	at javafx.graphics/com.sun.glass.ui.win.WinApplication.lambda$runLoop$3(WinApplication.java:184)
	at java.base/java.lang.Thread.run(Thread.java:1583)
2025-06-21 14:51:21.759 [JavaFX Application Thread] ERROR c.e.t.config.DatabaseConfig - Database connection test failed
com.microsoft.sqlserver.jdbc.SQLServerException: Login failed for user 'sa'. ClientConnectionId:bb90b370-950d-4ca6-a541-8ff41b8f7fc1
	at com.microsoft.sqlserver.jdbc@12.4.2.jre11/com.microsoft.sqlserver.jdbc.SQLServerException.makeFromDatabaseError(SQLServerException.java:259)
	at com.microsoft.sqlserver.jdbc@12.4.2.jre11/com.microsoft.sqlserver.jdbc.TDSTokenHandler.onEOF(tdsparser.java:304)
	at com.microsoft.sqlserver.jdbc@12.4.2.jre11/com.microsoft.sqlserver.jdbc.TDSParser.parse(tdsparser.java:137)
	at com.microsoft.sqlserver.jdbc@12.4.2.jre11/com.microsoft.sqlserver.jdbc.TDSParser.parse(tdsparser.java:42)
	at com.microsoft.sqlserver.jdbc@12.4.2.jre11/com.microsoft.sqlserver.jdbc.SQLServerConnection.sendLogon(SQLServerConnection.java:6612)
	at com.microsoft.sqlserver.jdbc@12.4.2.jre11/com.microsoft.sqlserver.jdbc.SQLServerConnection.logon(SQLServerConnection.java:5154)
	at com.microsoft.sqlserver.jdbc@12.4.2.jre11/com.microsoft.sqlserver.jdbc.SQLServerConnection$LogonCommand.doExecute(SQLServerConnection.java:5087)
	at com.microsoft.sqlserver.jdbc@12.4.2.jre11/com.microsoft.sqlserver.jdbc.TDSCommand.execute(IOBuffer.java:7675)
	at com.microsoft.sqlserver.jdbc@12.4.2.jre11/com.microsoft.sqlserver.jdbc.SQLServerConnection.executeCommand(SQLServerConnection.java:4137)
	at com.microsoft.sqlserver.jdbc@12.4.2.jre11/com.microsoft.sqlserver.jdbc.SQLServerConnection.connectHelper(SQLServerConnection.java:3583)
	at com.microsoft.sqlserver.jdbc@12.4.2.jre11/com.microsoft.sqlserver.jdbc.SQLServerConnection.login(SQLServerConnection.java:3172)
	at com.microsoft.sqlserver.jdbc@12.4.2.jre11/com.microsoft.sqlserver.jdbc.SQLServerConnection.connectInternal(SQLServerConnection.java:3014)
	at com.microsoft.sqlserver.jdbc@12.4.2.jre11/com.microsoft.sqlserver.jdbc.SQLServerConnection.connect(SQLServerConnection.java:1836)
	at com.microsoft.sqlserver.jdbc@12.4.2.jre11/com.microsoft.sqlserver.jdbc.SQLServerDriver.connect(SQLServerDriver.java:1246)
	at java.sql/java.sql.DriverManager.getConnection(DriverManager.java:683)
	at java.sql/java.sql.DriverManager.getConnection(DriverManager.java:230)
	at com.example.taskmanagerv3/com.example.taskmanagerv3.config.DatabaseConfig.getConnection(DatabaseConfig.java:38)
	at com.example.taskmanagerv3/com.example.taskmanagerv3.config.DatabaseConfig.testConnection(DatabaseConfig.java:69)
	at com.example.taskmanagerv3/com.example.taskmanagerv3.WorkFlowManagerApplication.initializeDatabase(WorkFlowManagerApplication.java:56)
	at com.example.taskmanagerv3/com.example.taskmanagerv3.WorkFlowManagerApplication.start(WorkFlowManagerApplication.java:22)
	at javafx.graphics/com.sun.javafx.application.LauncherImpl.lambda$launchApplication1$9(LauncherImpl.java:847)
	at javafx.graphics/com.sun.javafx.application.PlatformImpl.lambda$runAndWait$12(PlatformImpl.java:484)
	at javafx.graphics/com.sun.javafx.application.PlatformImpl.lambda$runLater$10(PlatformImpl.java:457)
	at java.base/java.security.AccessController.doPrivileged(AccessController.java:400)
	at javafx.graphics/com.sun.javafx.application.PlatformImpl.lambda$runLater$11(PlatformImpl.java:456)
	at javafx.graphics/com.sun.glass.ui.InvokeLaterDispatcher$Future.run(InvokeLaterDispatcher.java:96)
	at javafx.graphics/com.sun.glass.ui.win.WinApplication._runLoop(Native Method)
	at javafx.graphics/com.sun.glass.ui.win.WinApplication.lambda$runLoop$3(WinApplication.java:184)
	at java.base/java.lang.Thread.run(Thread.java:1583)
2025-06-21 14:51:21.762 [JavaFX Application Thread] ERROR c.e.t.WorkFlowManagerApplication - Database initialization failed
java.lang.RuntimeException: Cannot connect to database
	at com.example.taskmanagerv3/com.example.taskmanagerv3.WorkFlowManagerApplication.initializeDatabase(WorkFlowManagerApplication.java:57)
	at com.example.taskmanagerv3/com.example.taskmanagerv3.WorkFlowManagerApplication.start(WorkFlowManagerApplication.java:22)
	at javafx.graphics/com.sun.javafx.application.LauncherImpl.lambda$launchApplication1$9(LauncherImpl.java:847)
	at javafx.graphics/com.sun.javafx.application.PlatformImpl.lambda$runAndWait$12(PlatformImpl.java:484)
	at javafx.graphics/com.sun.javafx.application.PlatformImpl.lambda$runLater$10(PlatformImpl.java:457)
	at java.base/java.security.AccessController.doPrivileged(AccessController.java:400)
	at javafx.graphics/com.sun.javafx.application.PlatformImpl.lambda$runLater$11(PlatformImpl.java:456)
	at javafx.graphics/com.sun.glass.ui.InvokeLaterDispatcher$Future.run(InvokeLaterDispatcher.java:96)
	at javafx.graphics/com.sun.glass.ui.win.WinApplication._runLoop(Native Method)
	at javafx.graphics/com.sun.glass.ui.win.WinApplication.lambda$runLoop$3(WinApplication.java:184)
	at java.base/java.lang.Thread.run(Thread.java:1583)
2025-06-21 14:51:21.763 [JavaFX Application Thread] ERROR c.e.t.WorkFlowManagerApplication - Failed to start application
java.lang.RuntimeException: Database initialization failed
	at com.example.taskmanagerv3/com.example.taskmanagerv3.WorkFlowManagerApplication.initializeDatabase(WorkFlowManagerApplication.java:73)
	at com.example.taskmanagerv3/com.example.taskmanagerv3.WorkFlowManagerApplication.start(WorkFlowManagerApplication.java:22)
	at javafx.graphics/com.sun.javafx.application.LauncherImpl.lambda$launchApplication1$9(LauncherImpl.java:847)
	at javafx.graphics/com.sun.javafx.application.PlatformImpl.lambda$runAndWait$12(PlatformImpl.java:484)
	at javafx.graphics/com.sun.javafx.application.PlatformImpl.lambda$runLater$10(PlatformImpl.java:457)
	at java.base/java.security.AccessController.doPrivileged(AccessController.java:400)
	at javafx.graphics/com.sun.javafx.application.PlatformImpl.lambda$runLater$11(PlatformImpl.java:456)
	at javafx.graphics/com.sun.glass.ui.InvokeLaterDispatcher$Future.run(InvokeLaterDispatcher.java:96)
	at javafx.graphics/com.sun.glass.ui.win.WinApplication._runLoop(Native Method)
	at javafx.graphics/com.sun.glass.ui.win.WinApplication.lambda$runLoop$3(WinApplication.java:184)
	at java.base/java.lang.Thread.run(Thread.java:1583)
Caused by: java.lang.RuntimeException: Cannot connect to database
	at com.example.taskmanagerv3/com.example.taskmanagerv3.WorkFlowManagerApplication.initializeDatabase(WorkFlowManagerApplication.java:57)
	... 10 common frames omitted
2025-06-21 14:54:14.144 [JavaFX Application Thread] ERROR c.e.t.config.DatabaseConfig - Failed to connect to database
com.microsoft.sqlserver.jdbc.SQLServerException: Login failed for user 'sa'. ClientConnectionId:d2d0ee0b-7f31-4b79-9e12-6dc9cf898737
	at com.microsoft.sqlserver.jdbc@12.4.2.jre11/com.microsoft.sqlserver.jdbc.SQLServerException.makeFromDatabaseError(SQLServerException.java:259)
	at com.microsoft.sqlserver.jdbc@12.4.2.jre11/com.microsoft.sqlserver.jdbc.TDSTokenHandler.onEOF(tdsparser.java:304)
	at com.microsoft.sqlserver.jdbc@12.4.2.jre11/com.microsoft.sqlserver.jdbc.TDSParser.parse(tdsparser.java:137)
	at com.microsoft.sqlserver.jdbc@12.4.2.jre11/com.microsoft.sqlserver.jdbc.TDSParser.parse(tdsparser.java:42)
	at com.microsoft.sqlserver.jdbc@12.4.2.jre11/com.microsoft.sqlserver.jdbc.SQLServerConnection.sendLogon(SQLServerConnection.java:6612)
	at com.microsoft.sqlserver.jdbc@12.4.2.jre11/com.microsoft.sqlserver.jdbc.SQLServerConnection.logon(SQLServerConnection.java:5154)
	at com.microsoft.sqlserver.jdbc@12.4.2.jre11/com.microsoft.sqlserver.jdbc.SQLServerConnection$LogonCommand.doExecute(SQLServerConnection.java:5087)
	at com.microsoft.sqlserver.jdbc@12.4.2.jre11/com.microsoft.sqlserver.jdbc.TDSCommand.execute(IOBuffer.java:7675)
	at com.microsoft.sqlserver.jdbc@12.4.2.jre11/com.microsoft.sqlserver.jdbc.SQLServerConnection.executeCommand(SQLServerConnection.java:4137)
	at com.microsoft.sqlserver.jdbc@12.4.2.jre11/com.microsoft.sqlserver.jdbc.SQLServerConnection.connectHelper(SQLServerConnection.java:3583)
	at com.microsoft.sqlserver.jdbc@12.4.2.jre11/com.microsoft.sqlserver.jdbc.SQLServerConnection.login(SQLServerConnection.java:3172)
	at com.microsoft.sqlserver.jdbc@12.4.2.jre11/com.microsoft.sqlserver.jdbc.SQLServerConnection.connectInternal(SQLServerConnection.java:3014)
	at com.microsoft.sqlserver.jdbc@12.4.2.jre11/com.microsoft.sqlserver.jdbc.SQLServerConnection.connect(SQLServerConnection.java:1836)
	at com.microsoft.sqlserver.jdbc@12.4.2.jre11/com.microsoft.sqlserver.jdbc.SQLServerDriver.connect(SQLServerDriver.java:1246)
	at java.sql/java.sql.DriverManager.getConnection(DriverManager.java:683)
	at java.sql/java.sql.DriverManager.getConnection(DriverManager.java:230)
	at com.example.taskmanagerv3/com.example.taskmanagerv3.config.DatabaseConfig.getConnection(DatabaseConfig.java:38)
	at com.example.taskmanagerv3/com.example.taskmanagerv3.config.DatabaseConfig.testConnection(DatabaseConfig.java:69)
	at com.example.taskmanagerv3/com.example.taskmanagerv3.WorkFlowManagerApplication.initializeDatabase(WorkFlowManagerApplication.java:56)
	at com.example.taskmanagerv3/com.example.taskmanagerv3.WorkFlowManagerApplication.start(WorkFlowManagerApplication.java:22)
	at javafx.graphics/com.sun.javafx.application.LauncherImpl.lambda$launchApplication1$9(LauncherImpl.java:847)
	at javafx.graphics/com.sun.javafx.application.PlatformImpl.lambda$runAndWait$12(PlatformImpl.java:484)
	at javafx.graphics/com.sun.javafx.application.PlatformImpl.lambda$runLater$10(PlatformImpl.java:457)
	at java.base/java.security.AccessController.doPrivileged(AccessController.java:400)
	at javafx.graphics/com.sun.javafx.application.PlatformImpl.lambda$runLater$11(PlatformImpl.java:456)
	at javafx.graphics/com.sun.glass.ui.InvokeLaterDispatcher$Future.run(InvokeLaterDispatcher.java:96)
	at javafx.graphics/com.sun.glass.ui.win.WinApplication._runLoop(Native Method)
	at javafx.graphics/com.sun.glass.ui.win.WinApplication.lambda$runLoop$3(WinApplication.java:184)
	at java.base/java.lang.Thread.run(Thread.java:1583)
2025-06-21 14:54:14.145 [JavaFX Application Thread] ERROR c.e.t.config.DatabaseConfig - Database connection test failed
com.microsoft.sqlserver.jdbc.SQLServerException: Login failed for user 'sa'. ClientConnectionId:d2d0ee0b-7f31-4b79-9e12-6dc9cf898737
	at com.microsoft.sqlserver.jdbc@12.4.2.jre11/com.microsoft.sqlserver.jdbc.SQLServerException.makeFromDatabaseError(SQLServerException.java:259)
	at com.microsoft.sqlserver.jdbc@12.4.2.jre11/com.microsoft.sqlserver.jdbc.TDSTokenHandler.onEOF(tdsparser.java:304)
	at com.microsoft.sqlserver.jdbc@12.4.2.jre11/com.microsoft.sqlserver.jdbc.TDSParser.parse(tdsparser.java:137)
	at com.microsoft.sqlserver.jdbc@12.4.2.jre11/com.microsoft.sqlserver.jdbc.TDSParser.parse(tdsparser.java:42)
	at com.microsoft.sqlserver.jdbc@12.4.2.jre11/com.microsoft.sqlserver.jdbc.SQLServerConnection.sendLogon(SQLServerConnection.java:6612)
	at com.microsoft.sqlserver.jdbc@12.4.2.jre11/com.microsoft.sqlserver.jdbc.SQLServerConnection.logon(SQLServerConnection.java:5154)
	at com.microsoft.sqlserver.jdbc@12.4.2.jre11/com.microsoft.sqlserver.jdbc.SQLServerConnection$LogonCommand.doExecute(SQLServerConnection.java:5087)
	at com.microsoft.sqlserver.jdbc@12.4.2.jre11/com.microsoft.sqlserver.jdbc.TDSCommand.execute(IOBuffer.java:7675)
	at com.microsoft.sqlserver.jdbc@12.4.2.jre11/com.microsoft.sqlserver.jdbc.SQLServerConnection.executeCommand(SQLServerConnection.java:4137)
	at com.microsoft.sqlserver.jdbc@12.4.2.jre11/com.microsoft.sqlserver.jdbc.SQLServerConnection.connectHelper(SQLServerConnection.java:3583)
	at com.microsoft.sqlserver.jdbc@12.4.2.jre11/com.microsoft.sqlserver.jdbc.SQLServerConnection.login(SQLServerConnection.java:3172)
	at com.microsoft.sqlserver.jdbc@12.4.2.jre11/com.microsoft.sqlserver.jdbc.SQLServerConnection.connectInternal(SQLServerConnection.java:3014)
	at com.microsoft.sqlserver.jdbc@12.4.2.jre11/com.microsoft.sqlserver.jdbc.SQLServerConnection.connect(SQLServerConnection.java:1836)
	at com.microsoft.sqlserver.jdbc@12.4.2.jre11/com.microsoft.sqlserver.jdbc.SQLServerDriver.connect(SQLServerDriver.java:1246)
	at java.sql/java.sql.DriverManager.getConnection(DriverManager.java:683)
	at java.sql/java.sql.DriverManager.getConnection(DriverManager.java:230)
	at com.example.taskmanagerv3/com.example.taskmanagerv3.config.DatabaseConfig.getConnection(DatabaseConfig.java:38)
	at com.example.taskmanagerv3/com.example.taskmanagerv3.config.DatabaseConfig.testConnection(DatabaseConfig.java:69)
	at com.example.taskmanagerv3/com.example.taskmanagerv3.WorkFlowManagerApplication.initializeDatabase(WorkFlowManagerApplication.java:56)
	at com.example.taskmanagerv3/com.example.taskmanagerv3.WorkFlowManagerApplication.start(WorkFlowManagerApplication.java:22)
	at javafx.graphics/com.sun.javafx.application.LauncherImpl.lambda$launchApplication1$9(LauncherImpl.java:847)
	at javafx.graphics/com.sun.javafx.application.PlatformImpl.lambda$runAndWait$12(PlatformImpl.java:484)
	at javafx.graphics/com.sun.javafx.application.PlatformImpl.lambda$runLater$10(PlatformImpl.java:457)
	at java.base/java.security.AccessController.doPrivileged(AccessController.java:400)
	at javafx.graphics/com.sun.javafx.application.PlatformImpl.lambda$runLater$11(PlatformImpl.java:456)
	at javafx.graphics/com.sun.glass.ui.InvokeLaterDispatcher$Future.run(InvokeLaterDispatcher.java:96)
	at javafx.graphics/com.sun.glass.ui.win.WinApplication._runLoop(Native Method)
	at javafx.graphics/com.sun.glass.ui.win.WinApplication.lambda$runLoop$3(WinApplication.java:184)
	at java.base/java.lang.Thread.run(Thread.java:1583)
2025-06-21 14:54:14.146 [JavaFX Application Thread] ERROR c.e.t.WorkFlowManagerApplication - Database initialization failed
java.lang.RuntimeException: Cannot connect to database
	at com.example.taskmanagerv3/com.example.taskmanagerv3.WorkFlowManagerApplication.initializeDatabase(WorkFlowManagerApplication.java:57)
	at com.example.taskmanagerv3/com.example.taskmanagerv3.WorkFlowManagerApplication.start(WorkFlowManagerApplication.java:22)
	at javafx.graphics/com.sun.javafx.application.LauncherImpl.lambda$launchApplication1$9(LauncherImpl.java:847)
	at javafx.graphics/com.sun.javafx.application.PlatformImpl.lambda$runAndWait$12(PlatformImpl.java:484)
	at javafx.graphics/com.sun.javafx.application.PlatformImpl.lambda$runLater$10(PlatformImpl.java:457)
	at java.base/java.security.AccessController.doPrivileged(AccessController.java:400)
	at javafx.graphics/com.sun.javafx.application.PlatformImpl.lambda$runLater$11(PlatformImpl.java:456)
	at javafx.graphics/com.sun.glass.ui.InvokeLaterDispatcher$Future.run(InvokeLaterDispatcher.java:96)
	at javafx.graphics/com.sun.glass.ui.win.WinApplication._runLoop(Native Method)
	at javafx.graphics/com.sun.glass.ui.win.WinApplication.lambda$runLoop$3(WinApplication.java:184)
	at java.base/java.lang.Thread.run(Thread.java:1583)
2025-06-21 14:54:14.147 [JavaFX Application Thread] ERROR c.e.t.WorkFlowManagerApplication - Failed to start application
java.lang.RuntimeException: Database initialization failed
	at com.example.taskmanagerv3/com.example.taskmanagerv3.WorkFlowManagerApplication.initializeDatabase(WorkFlowManagerApplication.java:73)
	at com.example.taskmanagerv3/com.example.taskmanagerv3.WorkFlowManagerApplication.start(WorkFlowManagerApplication.java:22)
	at javafx.graphics/com.sun.javafx.application.LauncherImpl.lambda$launchApplication1$9(LauncherImpl.java:847)
	at javafx.graphics/com.sun.javafx.application.PlatformImpl.lambda$runAndWait$12(PlatformImpl.java:484)
	at javafx.graphics/com.sun.javafx.application.PlatformImpl.lambda$runLater$10(PlatformImpl.java:457)
	at java.base/java.security.AccessController.doPrivileged(AccessController.java:400)
	at javafx.graphics/com.sun.javafx.application.PlatformImpl.lambda$runLater$11(PlatformImpl.java:456)
	at javafx.graphics/com.sun.glass.ui.InvokeLaterDispatcher$Future.run(InvokeLaterDispatcher.java:96)
	at javafx.graphics/com.sun.glass.ui.win.WinApplication._runLoop(Native Method)
	at javafx.graphics/com.sun.glass.ui.win.WinApplication.lambda$runLoop$3(WinApplication.java:184)
	at java.base/java.lang.Thread.run(Thread.java:1583)
Caused by: java.lang.RuntimeException: Cannot connect to database
	at com.example.taskmanagerv3/com.example.taskmanagerv3.WorkFlowManagerApplication.initializeDatabase(WorkFlowManagerApplication.java:57)
	... 10 common frames omitted
2025-06-21 15:01:28.595 [JavaFX Application Thread] ERROR c.e.t.config.DatabaseConfig - Failed to connect to database
com.microsoft.sqlserver.jdbc.SQLServerException: Login failed for user 'sa'. ClientConnectionId:f26f939b-e689-4822-95f2-e1f50e3e2fc0
	at com.microsoft.sqlserver.jdbc@12.4.2.jre11/com.microsoft.sqlserver.jdbc.SQLServerException.makeFromDatabaseError(SQLServerException.java:259)
	at com.microsoft.sqlserver.jdbc@12.4.2.jre11/com.microsoft.sqlserver.jdbc.TDSTokenHandler.onEOF(tdsparser.java:304)
	at com.microsoft.sqlserver.jdbc@12.4.2.jre11/com.microsoft.sqlserver.jdbc.TDSParser.parse(tdsparser.java:137)
	at com.microsoft.sqlserver.jdbc@12.4.2.jre11/com.microsoft.sqlserver.jdbc.TDSParser.parse(tdsparser.java:42)
	at com.microsoft.sqlserver.jdbc@12.4.2.jre11/com.microsoft.sqlserver.jdbc.SQLServerConnection.sendLogon(SQLServerConnection.java:6612)
	at com.microsoft.sqlserver.jdbc@12.4.2.jre11/com.microsoft.sqlserver.jdbc.SQLServerConnection.logon(SQLServerConnection.java:5154)
	at com.microsoft.sqlserver.jdbc@12.4.2.jre11/com.microsoft.sqlserver.jdbc.SQLServerConnection$LogonCommand.doExecute(SQLServerConnection.java:5087)
	at com.microsoft.sqlserver.jdbc@12.4.2.jre11/com.microsoft.sqlserver.jdbc.TDSCommand.execute(IOBuffer.java:7675)
	at com.microsoft.sqlserver.jdbc@12.4.2.jre11/com.microsoft.sqlserver.jdbc.SQLServerConnection.executeCommand(SQLServerConnection.java:4137)
	at com.microsoft.sqlserver.jdbc@12.4.2.jre11/com.microsoft.sqlserver.jdbc.SQLServerConnection.connectHelper(SQLServerConnection.java:3583)
	at com.microsoft.sqlserver.jdbc@12.4.2.jre11/com.microsoft.sqlserver.jdbc.SQLServerConnection.login(SQLServerConnection.java:3172)
	at com.microsoft.sqlserver.jdbc@12.4.2.jre11/com.microsoft.sqlserver.jdbc.SQLServerConnection.connectInternal(SQLServerConnection.java:3014)
	at com.microsoft.sqlserver.jdbc@12.4.2.jre11/com.microsoft.sqlserver.jdbc.SQLServerConnection.connect(SQLServerConnection.java:1836)
	at com.microsoft.sqlserver.jdbc@12.4.2.jre11/com.microsoft.sqlserver.jdbc.SQLServerDriver.connect(SQLServerDriver.java:1246)
	at java.sql/java.sql.DriverManager.getConnection(DriverManager.java:683)
	at java.sql/java.sql.DriverManager.getConnection(DriverManager.java:230)
	at com.example.taskmanagerv3/com.example.taskmanagerv3.config.DatabaseConfig.getConnection(DatabaseConfig.java:38)
	at com.example.taskmanagerv3/com.example.taskmanagerv3.config.DatabaseConfig.testConnection(DatabaseConfig.java:69)
	at com.example.taskmanagerv3/com.example.taskmanagerv3.WorkFlowManagerApplication.initializeDatabase(WorkFlowManagerApplication.java:56)
	at com.example.taskmanagerv3/com.example.taskmanagerv3.WorkFlowManagerApplication.start(WorkFlowManagerApplication.java:22)
	at javafx.graphics/com.sun.javafx.application.LauncherImpl.lambda$launchApplication1$9(LauncherImpl.java:847)
	at javafx.graphics/com.sun.javafx.application.PlatformImpl.lambda$runAndWait$12(PlatformImpl.java:484)
	at javafx.graphics/com.sun.javafx.application.PlatformImpl.lambda$runLater$10(PlatformImpl.java:457)
	at java.base/java.security.AccessController.doPrivileged(AccessController.java:400)
	at javafx.graphics/com.sun.javafx.application.PlatformImpl.lambda$runLater$11(PlatformImpl.java:456)
	at javafx.graphics/com.sun.glass.ui.InvokeLaterDispatcher$Future.run(InvokeLaterDispatcher.java:96)
	at javafx.graphics/com.sun.glass.ui.win.WinApplication._runLoop(Native Method)
	at javafx.graphics/com.sun.glass.ui.win.WinApplication.lambda$runLoop$3(WinApplication.java:184)
	at java.base/java.lang.Thread.run(Thread.java:1583)
2025-06-21 15:01:28.598 [JavaFX Application Thread] ERROR c.e.t.config.DatabaseConfig - Database connection test failed
com.microsoft.sqlserver.jdbc.SQLServerException: Login failed for user 'sa'. ClientConnectionId:f26f939b-e689-4822-95f2-e1f50e3e2fc0
	at com.microsoft.sqlserver.jdbc@12.4.2.jre11/com.microsoft.sqlserver.jdbc.SQLServerException.makeFromDatabaseError(SQLServerException.java:259)
	at com.microsoft.sqlserver.jdbc@12.4.2.jre11/com.microsoft.sqlserver.jdbc.TDSTokenHandler.onEOF(tdsparser.java:304)
	at com.microsoft.sqlserver.jdbc@12.4.2.jre11/com.microsoft.sqlserver.jdbc.TDSParser.parse(tdsparser.java:137)
	at com.microsoft.sqlserver.jdbc@12.4.2.jre11/com.microsoft.sqlserver.jdbc.TDSParser.parse(tdsparser.java:42)
	at com.microsoft.sqlserver.jdbc@12.4.2.jre11/com.microsoft.sqlserver.jdbc.SQLServerConnection.sendLogon(SQLServerConnection.java:6612)
	at com.microsoft.sqlserver.jdbc@12.4.2.jre11/com.microsoft.sqlserver.jdbc.SQLServerConnection.logon(SQLServerConnection.java:5154)
	at com.microsoft.sqlserver.jdbc@12.4.2.jre11/com.microsoft.sqlserver.jdbc.SQLServerConnection$LogonCommand.doExecute(SQLServerConnection.java:5087)
	at com.microsoft.sqlserver.jdbc@12.4.2.jre11/com.microsoft.sqlserver.jdbc.TDSCommand.execute(IOBuffer.java:7675)
	at com.microsoft.sqlserver.jdbc@12.4.2.jre11/com.microsoft.sqlserver.jdbc.SQLServerConnection.executeCommand(SQLServerConnection.java:4137)
	at com.microsoft.sqlserver.jdbc@12.4.2.jre11/com.microsoft.sqlserver.jdbc.SQLServerConnection.connectHelper(SQLServerConnection.java:3583)
	at com.microsoft.sqlserver.jdbc@12.4.2.jre11/com.microsoft.sqlserver.jdbc.SQLServerConnection.login(SQLServerConnection.java:3172)
	at com.microsoft.sqlserver.jdbc@12.4.2.jre11/com.microsoft.sqlserver.jdbc.SQLServerConnection.connectInternal(SQLServerConnection.java:3014)
	at com.microsoft.sqlserver.jdbc@12.4.2.jre11/com.microsoft.sqlserver.jdbc.SQLServerConnection.connect(SQLServerConnection.java:1836)
	at com.microsoft.sqlserver.jdbc@12.4.2.jre11/com.microsoft.sqlserver.jdbc.SQLServerDriver.connect(SQLServerDriver.java:1246)
	at java.sql/java.sql.DriverManager.getConnection(DriverManager.java:683)
	at java.sql/java.sql.DriverManager.getConnection(DriverManager.java:230)
	at com.example.taskmanagerv3/com.example.taskmanagerv3.config.DatabaseConfig.getConnection(DatabaseConfig.java:38)
	at com.example.taskmanagerv3/com.example.taskmanagerv3.config.DatabaseConfig.testConnection(DatabaseConfig.java:69)
	at com.example.taskmanagerv3/com.example.taskmanagerv3.WorkFlowManagerApplication.initializeDatabase(WorkFlowManagerApplication.java:56)
	at com.example.taskmanagerv3/com.example.taskmanagerv3.WorkFlowManagerApplication.start(WorkFlowManagerApplication.java:22)
	at javafx.graphics/com.sun.javafx.application.LauncherImpl.lambda$launchApplication1$9(LauncherImpl.java:847)
	at javafx.graphics/com.sun.javafx.application.PlatformImpl.lambda$runAndWait$12(PlatformImpl.java:484)
	at javafx.graphics/com.sun.javafx.application.PlatformImpl.lambda$runLater$10(PlatformImpl.java:457)
	at java.base/java.security.AccessController.doPrivileged(AccessController.java:400)
	at javafx.graphics/com.sun.javafx.application.PlatformImpl.lambda$runLater$11(PlatformImpl.java:456)
	at javafx.graphics/com.sun.glass.ui.InvokeLaterDispatcher$Future.run(InvokeLaterDispatcher.java:96)
	at javafx.graphics/com.sun.glass.ui.win.WinApplication._runLoop(Native Method)
	at javafx.graphics/com.sun.glass.ui.win.WinApplication.lambda$runLoop$3(WinApplication.java:184)
	at java.base/java.lang.Thread.run(Thread.java:1583)
2025-06-21 15:01:28.598 [JavaFX Application Thread] ERROR c.e.t.WorkFlowManagerApplication - Database initialization failed
java.lang.RuntimeException: Cannot connect to database
	at com.example.taskmanagerv3/com.example.taskmanagerv3.WorkFlowManagerApplication.initializeDatabase(WorkFlowManagerApplication.java:57)
	at com.example.taskmanagerv3/com.example.taskmanagerv3.WorkFlowManagerApplication.start(WorkFlowManagerApplication.java:22)
	at javafx.graphics/com.sun.javafx.application.LauncherImpl.lambda$launchApplication1$9(LauncherImpl.java:847)
	at javafx.graphics/com.sun.javafx.application.PlatformImpl.lambda$runAndWait$12(PlatformImpl.java:484)
	at javafx.graphics/com.sun.javafx.application.PlatformImpl.lambda$runLater$10(PlatformImpl.java:457)
	at java.base/java.security.AccessController.doPrivileged(AccessController.java:400)
	at javafx.graphics/com.sun.javafx.application.PlatformImpl.lambda$runLater$11(PlatformImpl.java:456)
	at javafx.graphics/com.sun.glass.ui.InvokeLaterDispatcher$Future.run(InvokeLaterDispatcher.java:96)
	at javafx.graphics/com.sun.glass.ui.win.WinApplication._runLoop(Native Method)
	at javafx.graphics/com.sun.glass.ui.win.WinApplication.lambda$runLoop$3(WinApplication.java:184)
	at java.base/java.lang.Thread.run(Thread.java:1583)
2025-06-21 15:01:28.600 [JavaFX Application Thread] ERROR c.e.t.WorkFlowManagerApplication - Failed to start application
java.lang.RuntimeException: Database initialization failed
	at com.example.taskmanagerv3/com.example.taskmanagerv3.WorkFlowManagerApplication.initializeDatabase(WorkFlowManagerApplication.java:73)
	at com.example.taskmanagerv3/com.example.taskmanagerv3.WorkFlowManagerApplication.start(WorkFlowManagerApplication.java:22)
	at javafx.graphics/com.sun.javafx.application.LauncherImpl.lambda$launchApplication1$9(LauncherImpl.java:847)
	at javafx.graphics/com.sun.javafx.application.PlatformImpl.lambda$runAndWait$12(PlatformImpl.java:484)
	at javafx.graphics/com.sun.javafx.application.PlatformImpl.lambda$runLater$10(PlatformImpl.java:457)
	at java.base/java.security.AccessController.doPrivileged(AccessController.java:400)
	at javafx.graphics/com.sun.javafx.application.PlatformImpl.lambda$runLater$11(PlatformImpl.java:456)
	at javafx.graphics/com.sun.glass.ui.InvokeLaterDispatcher$Future.run(InvokeLaterDispatcher.java:96)
	at javafx.graphics/com.sun.glass.ui.win.WinApplication._runLoop(Native Method)
	at javafx.graphics/com.sun.glass.ui.win.WinApplication.lambda$runLoop$3(WinApplication.java:184)
	at java.base/java.lang.Thread.run(Thread.java:1583)
Caused by: java.lang.RuntimeException: Cannot connect to database
	at com.example.taskmanagerv3/com.example.taskmanagerv3.WorkFlowManagerApplication.initializeDatabase(WorkFlowManagerApplication.java:57)
	... 10 common frames omitted
2025-06-21 15:07:02.634 [JavaFX Application Thread] ERROR c.e.t.config.DatabaseConfig - Failed to connect to database
com.microsoft.sqlserver.jdbc.SQLServerException: Login failed for user 'sa'. ClientConnectionId:36a67ee8-10f9-40cf-bb4d-7ceb5fa23101
	at com.microsoft.sqlserver.jdbc@12.4.2.jre11/com.microsoft.sqlserver.jdbc.SQLServerException.makeFromDatabaseError(SQLServerException.java:259)
	at com.microsoft.sqlserver.jdbc@12.4.2.jre11/com.microsoft.sqlserver.jdbc.TDSTokenHandler.onEOF(tdsparser.java:304)
	at com.microsoft.sqlserver.jdbc@12.4.2.jre11/com.microsoft.sqlserver.jdbc.TDSParser.parse(tdsparser.java:137)
	at com.microsoft.sqlserver.jdbc@12.4.2.jre11/com.microsoft.sqlserver.jdbc.TDSParser.parse(tdsparser.java:42)
	at com.microsoft.sqlserver.jdbc@12.4.2.jre11/com.microsoft.sqlserver.jdbc.SQLServerConnection.sendLogon(SQLServerConnection.java:6612)
	at com.microsoft.sqlserver.jdbc@12.4.2.jre11/com.microsoft.sqlserver.jdbc.SQLServerConnection.logon(SQLServerConnection.java:5154)
	at com.microsoft.sqlserver.jdbc@12.4.2.jre11/com.microsoft.sqlserver.jdbc.SQLServerConnection$LogonCommand.doExecute(SQLServerConnection.java:5087)
	at com.microsoft.sqlserver.jdbc@12.4.2.jre11/com.microsoft.sqlserver.jdbc.TDSCommand.execute(IOBuffer.java:7675)
	at com.microsoft.sqlserver.jdbc@12.4.2.jre11/com.microsoft.sqlserver.jdbc.SQLServerConnection.executeCommand(SQLServerConnection.java:4137)
	at com.microsoft.sqlserver.jdbc@12.4.2.jre11/com.microsoft.sqlserver.jdbc.SQLServerConnection.connectHelper(SQLServerConnection.java:3583)
	at com.microsoft.sqlserver.jdbc@12.4.2.jre11/com.microsoft.sqlserver.jdbc.SQLServerConnection.login(SQLServerConnection.java:3172)
	at com.microsoft.sqlserver.jdbc@12.4.2.jre11/com.microsoft.sqlserver.jdbc.SQLServerConnection.connectInternal(SQLServerConnection.java:3014)
	at com.microsoft.sqlserver.jdbc@12.4.2.jre11/com.microsoft.sqlserver.jdbc.SQLServerConnection.connect(SQLServerConnection.java:1836)
	at com.microsoft.sqlserver.jdbc@12.4.2.jre11/com.microsoft.sqlserver.jdbc.SQLServerDriver.connect(SQLServerDriver.java:1246)
	at java.sql/java.sql.DriverManager.getConnection(DriverManager.java:683)
	at java.sql/java.sql.DriverManager.getConnection(DriverManager.java:230)
	at com.example.taskmanagerv3/com.example.taskmanagerv3.config.DatabaseConfig.getConnection(DatabaseConfig.java:38)
	at com.example.taskmanagerv3/com.example.taskmanagerv3.config.DatabaseConfig.testConnection(DatabaseConfig.java:69)
	at com.example.taskmanagerv3/com.example.taskmanagerv3.WorkFlowManagerApplication.initializeDatabase(WorkFlowManagerApplication.java:56)
	at com.example.taskmanagerv3/com.example.taskmanagerv3.WorkFlowManagerApplication.start(WorkFlowManagerApplication.java:22)
	at javafx.graphics/com.sun.javafx.application.LauncherImpl.lambda$launchApplication1$9(LauncherImpl.java:847)
	at javafx.graphics/com.sun.javafx.application.PlatformImpl.lambda$runAndWait$12(PlatformImpl.java:484)
	at javafx.graphics/com.sun.javafx.application.PlatformImpl.lambda$runLater$10(PlatformImpl.java:457)
	at java.base/java.security.AccessController.doPrivileged(AccessController.java:400)
	at javafx.graphics/com.sun.javafx.application.PlatformImpl.lambda$runLater$11(PlatformImpl.java:456)
	at javafx.graphics/com.sun.glass.ui.InvokeLaterDispatcher$Future.run(InvokeLaterDispatcher.java:96)
	at javafx.graphics/com.sun.glass.ui.win.WinApplication._runLoop(Native Method)
	at javafx.graphics/com.sun.glass.ui.win.WinApplication.lambda$runLoop$3(WinApplication.java:184)
	at java.base/java.lang.Thread.run(Thread.java:1583)
2025-06-21 15:07:02.636 [JavaFX Application Thread] ERROR c.e.t.config.DatabaseConfig - Database connection test failed
com.microsoft.sqlserver.jdbc.SQLServerException: Login failed for user 'sa'. ClientConnectionId:36a67ee8-10f9-40cf-bb4d-7ceb5fa23101
	at com.microsoft.sqlserver.jdbc@12.4.2.jre11/com.microsoft.sqlserver.jdbc.SQLServerException.makeFromDatabaseError(SQLServerException.java:259)
	at com.microsoft.sqlserver.jdbc@12.4.2.jre11/com.microsoft.sqlserver.jdbc.TDSTokenHandler.onEOF(tdsparser.java:304)
	at com.microsoft.sqlserver.jdbc@12.4.2.jre11/com.microsoft.sqlserver.jdbc.TDSParser.parse(tdsparser.java:137)
	at com.microsoft.sqlserver.jdbc@12.4.2.jre11/com.microsoft.sqlserver.jdbc.TDSParser.parse(tdsparser.java:42)
	at com.microsoft.sqlserver.jdbc@12.4.2.jre11/com.microsoft.sqlserver.jdbc.SQLServerConnection.sendLogon(SQLServerConnection.java:6612)
	at com.microsoft.sqlserver.jdbc@12.4.2.jre11/com.microsoft.sqlserver.jdbc.SQLServerConnection.logon(SQLServerConnection.java:5154)
	at com.microsoft.sqlserver.jdbc@12.4.2.jre11/com.microsoft.sqlserver.jdbc.SQLServerConnection$LogonCommand.doExecute(SQLServerConnection.java:5087)
	at com.microsoft.sqlserver.jdbc@12.4.2.jre11/com.microsoft.sqlserver.jdbc.TDSCommand.execute(IOBuffer.java:7675)
	at com.microsoft.sqlserver.jdbc@12.4.2.jre11/com.microsoft.sqlserver.jdbc.SQLServerConnection.executeCommand(SQLServerConnection.java:4137)
	at com.microsoft.sqlserver.jdbc@12.4.2.jre11/com.microsoft.sqlserver.jdbc.SQLServerConnection.connectHelper(SQLServerConnection.java:3583)
	at com.microsoft.sqlserver.jdbc@12.4.2.jre11/com.microsoft.sqlserver.jdbc.SQLServerConnection.login(SQLServerConnection.java:3172)
	at com.microsoft.sqlserver.jdbc@12.4.2.jre11/com.microsoft.sqlserver.jdbc.SQLServerConnection.connectInternal(SQLServerConnection.java:3014)
	at com.microsoft.sqlserver.jdbc@12.4.2.jre11/com.microsoft.sqlserver.jdbc.SQLServerConnection.connect(SQLServerConnection.java:1836)
	at com.microsoft.sqlserver.jdbc@12.4.2.jre11/com.microsoft.sqlserver.jdbc.SQLServerDriver.connect(SQLServerDriver.java:1246)
	at java.sql/java.sql.DriverManager.getConnection(DriverManager.java:683)
	at java.sql/java.sql.DriverManager.getConnection(DriverManager.java:230)
	at com.example.taskmanagerv3/com.example.taskmanagerv3.config.DatabaseConfig.getConnection(DatabaseConfig.java:38)
	at com.example.taskmanagerv3/com.example.taskmanagerv3.config.DatabaseConfig.testConnection(DatabaseConfig.java:69)
	at com.example.taskmanagerv3/com.example.taskmanagerv3.WorkFlowManagerApplication.initializeDatabase(WorkFlowManagerApplication.java:56)
	at com.example.taskmanagerv3/com.example.taskmanagerv3.WorkFlowManagerApplication.start(WorkFlowManagerApplication.java:22)
	at javafx.graphics/com.sun.javafx.application.LauncherImpl.lambda$launchApplication1$9(LauncherImpl.java:847)
	at javafx.graphics/com.sun.javafx.application.PlatformImpl.lambda$runAndWait$12(PlatformImpl.java:484)
	at javafx.graphics/com.sun.javafx.application.PlatformImpl.lambda$runLater$10(PlatformImpl.java:457)
	at java.base/java.security.AccessController.doPrivileged(AccessController.java:400)
	at javafx.graphics/com.sun.javafx.application.PlatformImpl.lambda$runLater$11(PlatformImpl.java:456)
	at javafx.graphics/com.sun.glass.ui.InvokeLaterDispatcher$Future.run(InvokeLaterDispatcher.java:96)
	at javafx.graphics/com.sun.glass.ui.win.WinApplication._runLoop(Native Method)
	at javafx.graphics/com.sun.glass.ui.win.WinApplication.lambda$runLoop$3(WinApplication.java:184)
	at java.base/java.lang.Thread.run(Thread.java:1583)
2025-06-21 15:07:02.636 [JavaFX Application Thread] ERROR c.e.t.WorkFlowManagerApplication - Database initialization failed
java.lang.RuntimeException: Cannot connect to database
	at com.example.taskmanagerv3/com.example.taskmanagerv3.WorkFlowManagerApplication.initializeDatabase(WorkFlowManagerApplication.java:57)
	at com.example.taskmanagerv3/com.example.taskmanagerv3.WorkFlowManagerApplication.start(WorkFlowManagerApplication.java:22)
	at javafx.graphics/com.sun.javafx.application.LauncherImpl.lambda$launchApplication1$9(LauncherImpl.java:847)
	at javafx.graphics/com.sun.javafx.application.PlatformImpl.lambda$runAndWait$12(PlatformImpl.java:484)
	at javafx.graphics/com.sun.javafx.application.PlatformImpl.lambda$runLater$10(PlatformImpl.java:457)
	at java.base/java.security.AccessController.doPrivileged(AccessController.java:400)
	at javafx.graphics/com.sun.javafx.application.PlatformImpl.lambda$runLater$11(PlatformImpl.java:456)
	at javafx.graphics/com.sun.glass.ui.InvokeLaterDispatcher$Future.run(InvokeLaterDispatcher.java:96)
	at javafx.graphics/com.sun.glass.ui.win.WinApplication._runLoop(Native Method)
	at javafx.graphics/com.sun.glass.ui.win.WinApplication.lambda$runLoop$3(WinApplication.java:184)
	at java.base/java.lang.Thread.run(Thread.java:1583)
2025-06-21 15:07:02.638 [JavaFX Application Thread] ERROR c.e.t.WorkFlowManagerApplication - Failed to start application
java.lang.RuntimeException: Database initialization failed
	at com.example.taskmanagerv3/com.example.taskmanagerv3.WorkFlowManagerApplication.initializeDatabase(WorkFlowManagerApplication.java:73)
	at com.example.taskmanagerv3/com.example.taskmanagerv3.WorkFlowManagerApplication.start(WorkFlowManagerApplication.java:22)
	at javafx.graphics/com.sun.javafx.application.LauncherImpl.lambda$launchApplication1$9(LauncherImpl.java:847)
	at javafx.graphics/com.sun.javafx.application.PlatformImpl.lambda$runAndWait$12(PlatformImpl.java:484)
	at javafx.graphics/com.sun.javafx.application.PlatformImpl.lambda$runLater$10(PlatformImpl.java:457)
	at java.base/java.security.AccessController.doPrivileged(AccessController.java:400)
	at javafx.graphics/com.sun.javafx.application.PlatformImpl.lambda$runLater$11(PlatformImpl.java:456)
	at javafx.graphics/com.sun.glass.ui.InvokeLaterDispatcher$Future.run(InvokeLaterDispatcher.java:96)
	at javafx.graphics/com.sun.glass.ui.win.WinApplication._runLoop(Native Method)
	at javafx.graphics/com.sun.glass.ui.win.WinApplication.lambda$runLoop$3(WinApplication.java:184)
	at java.base/java.lang.Thread.run(Thread.java:1583)
Caused by: java.lang.RuntimeException: Cannot connect to database
	at com.example.taskmanagerv3/com.example.taskmanagerv3.WorkFlowManagerApplication.initializeDatabase(WorkFlowManagerApplication.java:57)
	... 10 common frames omitted
2025-06-21 19:36:22.988 [JavaFX Application Thread] INFO  c.e.t.config.DatabaseConfig - Database connection established successfully
2025-06-21 19:36:23.011 [JavaFX Application Thread] INFO  c.e.t.config.DatabaseConfig - Database connection established successfully
2025-06-21 19:36:23.028 [JavaFX Application Thread] INFO  c.e.t.config.DatabaseConfig - Database schema initialized successfully
2025-06-21 19:36:23.046 [JavaFX Application Thread] INFO  c.e.t.config.DatabaseConfig - Database connection established successfully
2025-06-21 19:36:23.128 [JavaFX Application Thread] INFO  c.e.t.WorkFlowManagerApplication - Database initialized successfully
2025-06-21 19:36:23.609 [JavaFX Application Thread] INFO  c.e.t.config.DatabaseConfig - Database connection established successfully
2025-06-21 19:36:23.615 [JavaFX Application Thread] INFO  c.e.t.service.PasswordResetService - PasswordResetRequests table initialized successfully
2025-06-21 19:36:23.722 [JavaFX Application Thread] DEBUG c.e.t.util.UserPreferences - New encryption key generated and saved
2025-06-21 19:36:23.723 [JavaFX Application Thread] INFO  c.e.t.controller.LoginController - Login controller initialized
2025-06-21 19:36:24.077 [JavaFX Application Thread] INFO  c.e.t.WorkFlowManagerApplication - WorkFlow Manager application started successfully
2025-06-21 19:36:29.338 [JavaFX Application Thread] INFO  c.e.t.config.DatabaseConfig - Database connection closed
